#################################################################
# If you used AutoDock Vina in your work, please cite:          #
#                                                               #
# O. Trott, A. J. Olson,                                        #
# AutoDock Vina: improving the speed and accuracy of docking    #
# with a new scoring function, efficient optimization and       #
# multithreading, Journal of Computational Chemistry 31 (2010)  #
# 455-461                                                       #
#                                                               #
# DOI 10.1002/jcc.21334                                         #
#                                                               #
# Please see http://vina.scripps.edu for more information.      #
#################################################################

WARNING: The search space volume > 27000 Angstrom^3 (See FAQ)
Output will be Str-2 3D_out.pdbqt
Detected 8 CPUs
Reading input ... done.
Setting up the scoring function ... done.
Analyzing the binding site ... done.
Using random seed: -979670002
Performing search ... done.
Refining results ... done.

mode |   affinity | dist from best mode
     | (kcal/mol) | rmsd l.b.| rmsd u.b.
-----+------------+----------+----------
   1         -9.2      0.000      0.000
   2         -8.9      1.167      5.954
   3         -8.7     22.603     24.334
   4         -8.7     22.688     25.291
   5         -8.5      1.529      2.698
   6         -8.5     23.238     25.057
   7         -8.4     22.373     24.377
   8         -8.4     22.325     24.625
   9         -8.3      1.949      6.288
  10         -8.2     27.722     30.149
  11         -8.2     22.630     23.728
  12         -8.2      2.785      5.312
  13         -8.1      2.087      5.045
  14         -8.1     22.796     24.412
  15         -8.0      3.602      5.121
  16         -8.0     42.268     45.644
  17         -8.0     23.093     24.558
  18         -7.9      2.471      7.031
  19         -7.9     23.885     25.341
  20         -7.8     22.658     24.522
Writing output ... done.
