#################################################################
# If you used AutoDock Vina in your work, please cite:          #
#                                                               #
# O. Trott, A. J. Olson,                                        #
# AutoDock Vina: improving the speed and accuracy of docking    #
# with a new scoring function, efficient optimization and       #
# multithreading, Journal of Computational Chemistry 31 (2010)  #
# 455-461                                                       #
#                                                               #
# DOI 10.1002/jcc.21334                                         #
#                                                               #
# Please see http://vina.scripps.edu for more information.      #
#################################################################

WARNING: The search space volume > 27000 Angstrom^3 (See FAQ)
Output will be Str-2 3D_out.pdbqt
Detected 8 CPUs
Reading input ... done.
Setting up the scoring function ... done.
Analyzing the binding site ... done.
Using random seed: 1829976085
Performing search ... done.
Refining results ... done.

mode |   affinity | dist from best mode
     | (kcal/mol) | rmsd l.b.| rmsd u.b.
-----+------------+----------+----------
   1         -9.2      0.000      0.000
   2         -8.9      1.191      5.957
   3         -8.7     22.682     25.291
   4         -8.7     22.616     24.317
   5         -8.5     23.293     25.071
   6         -8.4     28.054     29.591
   7         -8.4     22.320     24.623
   8         -8.4     22.371     24.378
   9         -8.3      1.924      6.331
  10         -8.2     27.769     30.170
  11         -8.2      2.779      5.297
  12         -8.2     22.624     23.702
  13         -8.1     22.803     24.414
  14         -8.0     42.259     45.634
  15         -8.0     23.158     24.601
  16         -7.9      2.484      7.038
  17         -7.8     22.633     24.506
  18         -7.7     23.492     24.625
  19         -7.7      3.004      8.075
  20         -7.7     22.755     23.526
Writing output ... done.
