   1         -9.2      0.000      0.000
   2         -8.7     22.599     24.331
   3         -8.7     22.675     25.271
   4         -8.5     23.208     25.033
   5         -8.5      1.612      2.873
   6         -8.4     28.041     29.590
   7         -8.4     22.320     24.621
   8         -8.4     22.364     24.380
   9         -8.3      1.942      6.360
  10         -8.2     27.785     30.195
  11         -8.2     22.631     23.728
  12         -8.2      2.786      5.300
  13         -8.1      2.092      5.063
  14         -8.1     22.792     24.414
  15         -8.0      3.629      5.150
  16         -8.0     23.113     24.569
  17         -8.0     42.290     45.666
  18         -7.9      2.477      7.039
  19         -7.8     22.675     24.537
  20         -7.8      3.142      8.040
